# JRE version: OpenJDK Runtime Environment (11.0.2+9) (build 11.0.2+9)
# Java VM: OpenJDK 64-Bit Server VM (11.0.2+9, mixed mode, tiered, compressed oops, g1 gc, windows-amd64)
Heap:
 garbage-first heap   total 227328K, used 160554K [0x0000000081600000, 0x0000000100000000)
  region size 1024K, 69 young (70656K), 9 survivors (9216K)
 Metaspace       used 120092K, capacity 122506K, committed 122860K, reserved 1157120K
  class space    used 13516K, capacity 14346K, committed 14464K, reserved 1048576K
GC Heap History (10 events):
Event: 112.641 GC heap before
{Heap before GC invocations=51 (full 0):
 garbage-first heap   total 227328K, used 188479K [0x0000000081600000, 0x0000000100000000)
  region size 1024K, 99 young (101376K), 6 survivors (6144K)
 Metaspace       used 103802K, capacity 106033K, committed 106220K, reserved 1142784K
  class space    used 12083K, capacity 12866K, committed 12928K, reserved 1048576K
}
Event: 112.652 GC heap after
{Heap after GC invocations=52 (full 0):
 garbage-first heap   total 227328K, used 93124K [0x0000000081600000, 0x0000000100000000)
  region size 1024K, 6 young (6144K), 6 survivors (6144K)
 Metaspace       used 103802K, capacity 106033K, committed 106220K, reserved 1142784K
  class space    used 12083K, capacity 12866K, committed 12928K, reserved 1048576K
}
Event: 156.790 GC heap before
{Heap before GC invocations=52 (full 0):
 garbage-first heap   total 227328K, used 190404K [0x0000000081600000, 0x0000000100000000)
  region size 1024K, 101 young (103424K), 6 survivors (6144K)
 Metaspace       used 107731K, capacity 109961K, committed 110316K, reserved 1146880K
  class space    used 12537K, capacity 13318K, committed 13440K, reserved 1048576K
}
Event: 156.810 GC heap after
{Heap after GC invocations=53 (full 0):
 garbage-first heap   total 227328K, used 97427K [0x0000000081600000, 0x0000000100000000)
  region size 1024K, 10 young (10240K), 10 survivors (10240K)
 Metaspace       used 107731K, capacity 109961K, committed 110316K, reserved 1146880K
  class space    used 12537K, capacity 13318K, committed 13440K, reserved 1048576K
}
Event: 365.934 GC heap before
{Heap before GC invocations=53 (full 0):
 garbage-first heap   total 227328K, used 188563K [0x0000000081600000, 0x0000000100000000)
  region size 1024K, 100 young (102400K), 10 survivors (10240K)
 Metaspace       used 108173K, capacity 110453K, committed 110572K, reserved 1146880K
  class space    used 12570K, capacity 13341K, committed 13440K, reserved 1048576K
}
Event: 365.956 GC heap after
{Heap after GC invocations=54 (full 0):
 garbage-first heap   total 227328K, used 98378K [0x0000000081600000, 0x0000000100000000)
  region size 1024K, 8 young (8192K), 8 survivors (8192K)
 Metaspace       used 108173K, capacity 110453K, committed 110572K, reserved 1146880K
  class space    used 12570K, capacity 13341K, committed 13440K, reserved 1048576K
}
Event: 369.347 GC heap before
{Heap before GC invocations=54 (full 0):
 garbage-first heap   total 227328K, used 190538K [0x0000000081600000, 0x0000000100000000)
  region size 1024K, 99 young (101376K), 8 survivors (8192K)
 Metaspace       used 113207K, capacity 115556K, committed 115820K, reserved 1150976K
  class space    used 12969K, capacity 13762K, committed 13824K, reserved 1048576K
}
Event: 369.359 GC heap after
{Heap after GC invocations=55 (full 0):
 garbage-first heap   total 227328K, used 99683K [0x0000000081600000, 0x0000000100000000)
  region size 1024K, 8 young (8192K), 8 survivors (8192K)
 Metaspace       used 113207K, capacity 115556K, committed 115820K, reserved 1150976K
  class space    used 12969K, capacity 13762K, committed 13824K, reserved 1048576K
}
Event: 380.983 GC heap before
{Heap before GC invocations=55 (full 0):
 garbage-first heap   total 227328K, used 193891K [0x0000000081600000, 0x0000000100000000)
  region size 1024K, 99 young (101376K), 8 survivors (8192K)
 Metaspace       used 119060K, capacity 121438K, committed 121580K, reserved 1157120K
  class space    used 13408K, capacity 14205K, committed 14208K, reserved 1048576K
}
Event: 380.998 GC heap after
{Heap after GC invocations=56 (full 0):
 garbage-first heap   total 227328K, used 101162K [0x0000000081600000, 0x0000000100000000)
  region size 1024K, 9 young (9216K), 9 survivors (9216K)
 Metaspace       used 119060K, capacity 121438K, committed 121580K, reserved 1157120K
  class space    used 13408K, capacity 14205K, committed 14208K, reserved 1048576K
}

