# JRE version: OpenJDK Runtime Environment (11.0.2+9) (build 11.0.2+9)
# Java VM: OpenJDK 64-Bit Server VM (11.0.2+9, mixed mode, tiered, compressed oops, g1 gc, windows-amd64)
Heap:
 garbage-first heap   total 227328K, used 159545K [0x0000000081600000, 0x0000000100000000)
  region size 1024K, 70 young (71680K), 8 survivors (8192K)
 Metaspace       used 108241K, capacity 110504K, committed 110572K, reserved 1146880K
  class space    used 12588K, capacity 13390K, committed 13440K, reserved 1048576K
GC Heap History (10 events):
Event: 58.927 GC heap before
{Heap before GC invocations=43 (full 0):
 garbage-first heap   total 227328K, used 171008K [0x0000000081600000, 0x0000000100000000)
  region size 1024K, 86 young (88064K), 7 survivors (7168K)
 Metaspace       used 102066K, capacity 104207K, committed 104556K, reserved 1140736K
  class space    used 11905K, capacity 12686K, committed 12800K, reserved 1048576K
}
Event: 58.945 GC heap after
{Heap after GC invocations=44 (full 0):
 garbage-first heap   total 227328K, used 92183K [0x0000000081600000, 0x0000000100000000)
  region size 1024K, 6 young (6144K), 6 survivors (6144K)
 Metaspace       used 102066K, capacity 104207K, committed 104556K, reserved 1140736K
  class space    used 11905K, capacity 12686K, committed 12800K, reserved 1048576K
}
Event: 63.679 GC heap before
{Heap before GC invocations=44 (full 0):
 garbage-first heap   total 227328K, used 174103K [0x0000000081600000, 0x0000000100000000)
  region size 1024K, 86 young (88064K), 6 survivors (6144K)
 Metaspace       used 102097K, capacity 104271K, committed 104556K, reserved 1140736K
  class space    used 11905K, capacity 12686K, committed 12800K, reserved 1048576K
}
Event: 63.691 GC heap after
{Heap after GC invocations=45 (full 0):
 garbage-first heap   total 227328K, used 92879K [0x0000000081600000, 0x0000000100000000)
  region size 1024K, 6 young (6144K), 6 survivors (6144K)
 Metaspace       used 102097K, capacity 104271K, committed 104556K, reserved 1140736K
  class space    used 11905K, capacity 12686K, committed 12800K, reserved 1048576K
}
Event: 68.203 GC heap before
{Heap before GC invocations=45 (full 0):
 garbage-first heap   total 227328K, used 178895K [0x0000000081600000, 0x0000000100000000)
  region size 1024K, 90 young (92160K), 6 survivors (6144K)
 Metaspace       used 102132K, capacity 104337K, committed 104556K, reserved 1140736K
  class space    used 11905K, capacity 12686K, committed 12800K, reserved 1048576K
}
Event: 68.220 GC heap after
{Heap after GC invocations=46 (full 0):
 garbage-first heap   total 227328K, used 92677K [0x0000000081600000, 0x0000000100000000)
  region size 1024K, 6 young (6144K), 6 survivors (6144K)
 Metaspace       used 102132K, capacity 104337K, committed 104556K, reserved 1140736K
  class space    used 11905K, capacity 12686K, committed 12800K, reserved 1048576K
}
Event: 108.993 GC heap before
{Heap before GC invocations=46 (full 0):
 garbage-first heap   total 227328K, used 180741K [0x0000000081600000, 0x0000000100000000)
  region size 1024K, 92 young (94208K), 6 survivors (6144K)
 Metaspace       used 105386K, capacity 107529K, committed 107628K, reserved 1144832K
  class space    used 12280K, capacity 13040K, committed 13056K, reserved 1048576K
}
Event: 109.007 GC heap after
{Heap after GC invocations=47 (full 0):
 garbage-first heap   total 227328K, used 93427K [0x0000000081600000, 0x0000000100000000)
  region size 1024K, 7 young (7168K), 7 survivors (7168K)
 Metaspace       used 105386K, capacity 107529K, committed 107628K, reserved 1144832K
  class space    used 12280K, capacity 13040K, committed 13056K, reserved 1048576K
}
Event: 574.469 GC heap before
{Heap before GC invocations=47 (full 0):
 garbage-first heap   total 227328K, used 182515K [0x0000000081600000, 0x0000000100000000)
  region size 1024K, 95 young (97280K), 7 survivors (7168K)
 Metaspace       used 108217K, capacity 110504K, committed 110572K, reserved 1146880K
  class space    used 12588K, capacity 13390K, committed 13440K, reserved 1048576K
}
Event: 574.489 GC heap after
{Heap after GC invocations=48 (full 0):
 garbage-first heap   total 227328K, used 97081K [0x0000000081600000, 0x0000000100000000)
  region size 1024K, 8 young (8192K), 8 survivors (8192K)
 Metaspace       used 108217K, capacity 110504K, committed 110572K, reserved 1146880K
  class space    used 12588K, capacity 13390K, committed 13440K, reserved 1048576K
}

